#
# An unexpected error has been detected by Java Runtime Environment:
#
#  EXCEPTION_ACCESS_VIOLATION (0xc0000005) at pc=0x6d93aa8f, pid=2540, tid=4068
#
# Java VM: Java HotSpot(TM) Client VM (1.6.0_03-b05 mixed mode)
# Problematic frame:
# V  [jvm.dll+0x17aa8f]
#
# If you would like to submit a bug report, please visit:
#   http://java.sun.com/webapps/bugreport/crash.jsp
#

---------------  T H R E A D  ---------------

Current thread (0x0adce400):  VMThread [id=4068]

siginfo: ExceptionCode=0xc0000005, reading address 0x120025c2

Registers:
EAX=0x07010f78, EBX=0x0090b3bc, ECX=0x0090b380, EDX=0x120025b6
ESP=0x0aeaf624, EBP=0x0090b330, ESI=0x06f315f0, EDI=0x06f315f0
EIP=0x6d93aa8f, EFLAGS=0x00010297

Top of Stack: (sp=0x0aeaf624)
0x0aeaf624:   06f315f0 6d7dbbcb 06f315f0 0aeaf674
0x0aeaf634:   0aeaf674 00000002 00908b90 6d8629e1
0x0aeaf644:   06f31624 0090b188 6d8627b1 0090b380
0x0aeaf654:   6d8335c3 0aeaf674 00000000 00908be8
0x0aeaf664:   06f31624 6d8625f7 0aeaf674 00000000
0x0aeaf674:   6d99efac 06f31624 00000000 6d85d1e3
0x0aeaf684:   06f31624 06f31624 00000000 0aeaf7a4
0x0aeaf694:   00000000 6d8fd343 06f31624 6d7dc404 

Instructions: (pc=0x6d93aa8f)
0x6d93aa7f:   cc 8b 41 34 56 8b 74 24 08 3b f0 73 38 8b 56 04
0x6d93aa8f:   8b 42 0c 83 c2 08 85 c0 7f 33 7d 1d 83 c9 ff 2b 


Stack: [0x0ae60000,0x0aeb0000),  sp=0x0aeaf624,  free space=317k
Native frames: (J=compiled Java code, j=interpreted, Vv=VM code, C=native code)
V  [jvm.dll+0x17aa8f]

VM_Operation (0x00abfad8): generation collection for allocation, mode: safepoint, requested by thread 0x00906800


---------------  P R O C E S S  ---------------

Java Threads: ( => current thread )
  0x0ae03400 JavaThread "Unknown thread" [_thread_blocked, id=3176]
  0x0ae01800 JavaThread "Unknown thread" [_thread_blocked, id=3428]
  0x0adf4000 JavaThread "Unknown thread" [_thread_in_native, id=3180]
  0x0adf2c00 JavaThread "Unknown thread" [_thread_blocked, id=1820]
  0x0adf0800 JavaThread "Unknown thread" [_thread_blocked, id=3884]
  0x0ade5c00 JavaThread "Unknown thread" [_thread_blocked, id=2636]
  0x0ade5000 JavaThread "Unknown thread" [_thread_blocked, id=2840]
  0x0add7400 JavaThread "Unknown thread" [_thread_blocked, id=2612]
  0x0add2c00 JavaThread "Unknown thread" [_thread_blocked, id=4052]
  0x00906800 JavaThread "main" [_thread_blocked, id=420]

Other Threads:
=>0x0adce400 VMThread [id=4068]
  0x0ae04800 WatcherThread [id=3308]

VM state:at safepoint (normal execution)

VM Mutex/Monitor currently owned by a thread:  ([mutex/lock_event])
[0x00905388/0x00001e60] Threads_lock - owner thread: 0x0adce400
[0x00905528/0x00001e20] Heap_lock - owner thread: 0x00906800

Heap
 def new generation   total 1536K, used 76K [0x02d10000, 0x02eb0000, 0x031f0000)
  eden space 1408K,   0% used [0x02d10000, 0x02d10000, 0x02e70000)
  from space 128K,  59% used [0x02e70000, 0x02e83110, 0x02e90000)
  to   space 128K,   0% used [0x02e90000, 0x02e90000, 0x02eb0000)
 tenured generation   total 20280K, used 20086K [0x031f0000, 0x045be000, 0x06d10000)
   the space 20280K,  99% used [0x031f0000, 0x0458da50, 0x0330b800, 0x045be000)
 compacting perm gen  total 12288K, used 3075K [0x06d10000, 0x07910000, 0x0ad10000)
   the space 12288K,  25% used [0x06d10000, 0x07010f78, 0x07010800, 0x07910000)
No shared spaces configured.

Dynamic libraries:
0x00400000 - 0x00423000 	C:\Programme\Java\jre1.6.0_03\bin\javaw.exe
0x7c910000 - 0x7c9c6000 	C:\WINDOWS\system32\ntdll.dll
0x7c800000 - 0x7c908000 	C:\WINDOWS\system32\kernel32.dll
0x77da0000 - 0x77e4a000 	C:\WINDOWS\system32\ADVAPI32.dll
0x77e50000 - 0x77ee2000 	C:\WINDOWS\system32\RPCRT4.dll
0x77fc0000 - 0x77fd1000 	C:\WINDOWS\system32\Secur32.dll
0x7e360000 - 0x7e3f1000 	C:\WINDOWS\system32\USER32.dll
0x77ef0000 - 0x77f39000 	C:\WINDOWS\system32\GDI32.dll
0x5cf00000 - 0x5cf26000 	C:\WINDOWS\system32\ShimEng.dll
0x6fd90000 - 0x6ff5a000 	C:\WINDOWS\AppPatch\AcGenral.DLL
0x76af0000 - 0x76b1e000 	C:\WINDOWS\system32\WINMM.dll
0x774b0000 - 0x775ed000 	C:\WINDOWS\system32\ole32.dll
0x77be0000 - 0x77c38000 	C:\WINDOWS\system32\msvcrt.dll
0x770f0000 - 0x7717b000 	C:\WINDOWS\system32\OLEAUT32.dll
0x77bb0000 - 0x77bc5000 	C:\WINDOWS\system32\MSACM32.dll
0x77bd0000 - 0x77bd8000 	C:\WINDOWS\system32\VERSION.dll
0x7e670000 - 0x7ee91000 	C:\WINDOWS\system32\SHELL32.dll
0x77f40000 - 0x77fb6000 	C:\WINDOWS\system32\SHLWAPI.dll
0x76620000 - 0x766d6000 	C:\WINDOWS\system32\USERENV.dll
0x5b0f0000 - 0x5b128000 	C:\WINDOWS\system32\UxTheme.dll
0x76330000 - 0x7634d000 	C:\WINDOWS\system32\IMM32.DLL
0x6bd00000 - 0x6bd0d000 	C:\WINDOWS\system32\SYNCOR11.DLL
0x773a0000 - 0x774a3000 	C:\WINDOWS\WinSxS\x86_Microsoft.Windows.Common-Controls_6595b64144ccf1df_6.0.2600.5512_x-ww_35d4ce83\comctl32.dll
0x5d450000 - 0x5d4ea000 	C:\WINDOWS\system32\comctl32.dll
0x636e0000 - 0x63709000 	C:\Programme\Spyware Doctor\smumhook.dll
0x5a000000 - 0x5a01f000 	C:\Programme\Spyware Doctor\klg.dat
0x7c340000 - 0x7c396000 	C:\Programme\Java\jre1.6.0_03\bin\msvcr71.dll
0x6d7c0000 - 0x6da0a000 	C:\Programme\Java\jre1.6.0_03\bin\client\jvm.dll
0x6d310000 - 0x6d318000 	C:\Programme\Java\jre1.6.0_03\bin\hpi.dll
0x76bb0000 - 0x76bbb000 	C:\WINDOWS\system32\PSAPI.DLL
0x6d400000 - 0x6d429000 	C:\Programme\Java\jre1.6.0_03\bin\jdwp.dll
0x6d6c0000 - 0x6d6c6000 	C:\Programme\Java\jre1.6.0_03\bin\npt.dll
0x6d770000 - 0x6d77c000 	C:\Programme\Java\jre1.6.0_03\bin\verify.dll
0x6d3b0000 - 0x6d3cf000 	C:\Programme\Java\jre1.6.0_03\bin\java.dll
0x6d7b0000 - 0x6d7bf000 	C:\Programme\Java\jre1.6.0_03\bin\zip.dll
0x6d280000 - 0x6d287000 	C:\Programme\Java\jre1.6.0_03\bin\dt_socket.dll
0x71a10000 - 0x71a27000 	C:\WINDOWS\system32\WS2_32.dll
0x71a00000 - 0x71a08000 	C:\WINDOWS\system32\WS2HELP.dll
0x719b0000 - 0x719f0000 	C:\WINDOWS\System32\mswsock.dll
0x76ee0000 - 0x76f07000 	C:\WINDOWS\system32\DNSAPI.dll
0x76f70000 - 0x76f78000 	C:\WINDOWS\System32\winrnr.dll
0x76f20000 - 0x76f4d000 	C:\WINDOWS\system32\WLDAP32.dll
0x76f80000 - 0x76f86000 	C:\WINDOWS\system32\rasadhlp.dll
0x10000000 - 0x1002f000 	C:\Programme\Gemeinsame Dateien\PC Tools\LSP\PCTLsp.dll
0x66710000 - 0x66769000 	C:\WINDOWS\system32\hnetcfg.dll
0x719f0000 - 0x719f8000 	C:\WINDOWS\System32\wshtcpip.dll
0x6d570000 - 0x6d583000 	C:\Programme\Java\jre1.6.0_03\bin\net.dll

VM Arguments:
jvm_args: -agentlib:jdwp=transport=dt_socket,suspend=y,address=localhost:3155
java_command: mainPackage.MainClass
Launcher Type: SUN_STANDARD

Environment Variables:
CLASSPATH=.;C:\Programme\Java\jre1.5.0_11\lib\ext\QTJava.zip
PATH=C:\Programme\Java\jre1.6.0_07\bin\client;C:\Programme\Java\jre1.6.0_07\bin;C:\WINDOWS\system32;C:\WINDOWS;C:\WINDOWS\System32\Wbem;C:\Programme\Gemeinsame Dateien\Ulead Systems\MPEG;C:\Programme\QuickTime\QTSystem\;C:\Programme\ATI Technologies\ATI.ACE\Core-Static;C:\Programme\Microsoft Visual Studio\Common\Tools\WinNT;C:\Programme\Microsoft Visual Studio\Common\MSDev98\Bin;C:\Programme\Microsoft Visual Studio\Common\Tools;C:\Programme\Microsoft Visual Studio\VC98\bin;C:\Programme\IDM Computer Solutions\UltraEdit\
USERNAME=Thomas
OS=Windows_NT
PROCESSOR_IDENTIFIER=x86 Family 15 Model 12 Stepping 0, AuthenticAMD



---------------  S Y S T E M  ---------------

OS: Windows XP Build 2600 Service Pack 3

CPU:total 1 (1 cores per cpu, 1 threads per core) family 15 model 12 stepping 0, cmov, cx8, fxsr, mmx, sse, sse2, mmxext, 3dnow, 3dnowext

Memory: 4k page, physical 2095856k(1174352k free), swap 3511536k(2610780k free)

vm_info: Java HotSpot(TM) Client VM (1.6.0_03-b05) for windows-x86, built on Sep 24 2007 22:24:33 by "java_re" with unknown MS VC++:1310

