#
# An unexpected error has been detected by Java Runtime Environment:
#
#  EXCEPTION_ACCESS_VIOLATION (0xc0000005) at pc=0x6d9641ab, pid=5496, tid=5320
#
# Java VM: Java HotSpot(TM) Client VM (11.0-b16 mixed mode windows-x86)
# Problematic frame:
# V  [jvm.dll+0xb41ab]
#
# If you would like to submit a bug report, please visit:
#   http://java.sun.com/webapps/bugreport/crash.jsp
#

---------------  T H R E A D  ---------------

Current thread (0x0208a400):  VMThread [stack: 0x0c100000,0x0c150000] [id=5320]

siginfo: ExceptionCode=0xc0000005, reading address 0x0022007a

Registers:
EAX=0x00220072, EBX=0x003cff50, ECX=0x0022007a, EDX=0x00000030
ESP=0x0c14fd68, EBP=0x0c14fdf8, ESI=0x04322860, EDI=0x0c14fdf8
EIP=0x6d9641ab, EFLAGS=0x00010283

Top of Stack: (sp=0x0c14fd68)
0x0c14fd68:   0c14fdf8 04322860 6da2ea6b 04322860
0x0c14fd78:   0c14fdf8 003cff50 003cfd20 6da2ea40
0x0c14fd88:   04100000 003cff50 00000030 003cfdf0
0x0c14fd98:   6d9474b4 0c14fdf8 003cfd70 00000000
0x0c14fda8:   6d95a041 0c14fdf8 0c28faf0 0c28fb10
0x0c14fdb8:   6da98275 00000000 6d964739 0c14fdf8
0x0c14fdc8:   0c28fb10 02088e58 0208a568 0208a560
0x0c14fdd8:   00000000 00000000 0000011f 00000000 

Instructions: (pc=0x6d9641ab)
0x6d96419b:   f0 57 8b f9 0f 84 8b 00 00 00 8b 46 04 8d 48 08
0x6d9641ab:   8b 01 ff 90 8c 00 00 00 84 c0 75 79 8b 4e 04 3b 


Stack: [0x0c100000,0x0c150000],  sp=0x0c14fd68,  free space=319k
Native frames: (J=compiled Java code, j=interpreted, Vv=VM code, C=native code)
V  [jvm.dll+0xb41ab]

VM_Operation (0x0c28fb10): HeapDumper, mode: safepoint, requested by thread 0x020ae000


---------------  P R O C E S S  ---------------

Java Threads: ( => current thread )
  0x0cc57800 JavaThread "RMI TCP Connection(18)-192.168.178.22" daemon [_thread_in_native, id=4516, stack(0x0d4b0000,0x0d500000)]
  0x0cba2400 JavaThread "JMX server connection timeout 15" daemon [_thread_blocked, id=4744, stack(0x0c8d0000,0x0c920000)]
  0x0ca6e800 JavaThread "RMI Scheduler(0)" daemon [_thread_blocked, id=3444, stack(0x0c880000,0x0c8d0000)]
  0x0cb0fc00 JavaThread "RMI TCP Accept-0" daemon [_thread_in_native, id=5972, stack(0x0c6b0000,0x0c700000)]
  0x020cc000 JavaThread "Low Memory Detector" daemon [_thread_blocked, id=312, stack(0x0c460000,0x0c4b0000)]
  0x020c7c00 JavaThread "CompilerThread0" daemon [_thread_blocked, id=4720, stack(0x0c410000,0x0c460000)]
  0x020bc800 JavaThread "JDWP Command Reader" daemon [_thread_in_native, id=1396, stack(0x0c3c0000,0x0c410000)]
  0x020bc000 JavaThread "JDWP Event Helper Thread" daemon [_thread_blocked, id=4848, stack(0x0c2e0000,0x0c330000)]
  0x020b9c00 JavaThread "JDWP Transport Listener: dt_socket" daemon [_thread_blocked, id=5180, stack(0x0c290000,0x0c2e0000)]
  0x020ae000 JavaThread "Attach Listener" daemon [_thread_blocked, id=4244, stack(0x0c240000,0x0c290000)]
  0x020a3400 JavaThread "Signal Dispatcher" daemon [_thread_blocked, id=4384, stack(0x0c1f0000,0x0c240000)]
  0x02092000 JavaThread "Finalizer" daemon [_thread_blocked, id=4548, stack(0x0c1a0000,0x0c1f0000)]
  0x0208d800 JavaThread "Reference Handler" daemon [_thread_blocked, id=3972, stack(0x0c150000,0x0c1a0000)]
  0x003c9c00 JavaThread "main" [_thread_blocked, id=5716, stack(0x007b0000,0x00800000)]

Other Threads:
=>0x0208a400 VMThread [stack: 0x0c100000,0x0c150000] [id=5320]
  0x020dd400 WatcherThread [stack: 0x0c4c0000,0x0c510000] [id=4496]

VM state:at safepoint (normal execution)

VM Mutex/Monitor currently owned by a thread:  ([mutex/lock_event])
[0x003c7dc8] UNKNOWN - owner thread: 0x0208a400
[0x003c8228] UNKNOWN - owner thread: 0x020ae000

Heap
 def new generation   total 4544K, used 2329K [0x04100000, 0x045e0000, 0x045e0000)
  eden space 4096K,  54% used [0x04100000, 0x04331260, 0x04500000)
  from space 448K,  18% used [0x04500000, 0x04515360, 0x04570000)
  to   space 448K,   0% used [0x04570000, 0x04570000, 0x045e0000)
 tenured generation   total 60544K, used 38334K [0x045e0000, 0x08100000, 0x08100000)
   the space 60544K,  63% used [0x045e0000, 0x06b4f910, 0x06b4fa00, 0x08100000)
 compacting perm gen  total 12288K, used 5980K [0x08100000, 0x08d00000, 0x0c100000)
   the space 12288K,  48% used [0x08100000, 0x086d7368, 0x086d7400, 0x08d00000)
No shared spaces configured.

Dynamic libraries:
0x00400000 - 0x00424000 	C:\Program Files\Java\jdk1.6.0_11\jre\bin\javaw.exe
0x77300000 - 0x77427000 	C:\Windows\system32\ntdll.dll
0x76450000 - 0x7652b000 	C:\Windows\system32\kernel32.dll
0x76720000 - 0x767e6000 	C:\Windows\system32\ADVAPI32.dll
0x75c90000 - 0x75d52000 	C:\Windows\system32\RPCRT4.dll
0x76680000 - 0x7671d000 	C:\Windows\system32\USER32.dll
0x76040000 - 0x7608b000 	C:\Windows\system32\GDI32.dll
0x77440000 - 0x7745e000 	C:\Windows\system32\IMM32.DLL
0x76090000 - 0x76158000 	C:\Windows\system32\MSCTF.dll
0x761e0000 - 0x7628a000 	C:\Windows\system32\msvcrt.dll
0x77430000 - 0x77439000 	C:\Windows\system32\LPK.DLL
0x75e30000 - 0x75ead000 	C:\Windows\system32\USP10.dll
0x7c340000 - 0x7c396000 	C:\Program Files\Java\jdk1.6.0_11\jre\bin\msvcr71.dll
0x6d8b0000 - 0x6db06000 	C:\Program Files\Java\jdk1.6.0_11\jre\bin\client\jvm.dll
0x74160000 - 0x74192000 	C:\Windows\system32\WINMM.dll
0x76530000 - 0x76674000 	C:\Windows\system32\ole32.dll
0x75b80000 - 0x75c0d000 	C:\Windows\system32\OLEAUT32.dll
0x74120000 - 0x74159000 	C:\Windows\system32\OLEACC.dll
0x759b0000 - 0x759dc000 	C:\Windows\system32\apphelp.dll
0x6d330000 - 0x6d338000 	C:\Program Files\Java\jdk1.6.0_11\jre\bin\hpi.dll
0x75b70000 - 0x75b77000 	C:\Windows\system32\PSAPI.DLL
0x6d420000 - 0x6d449000 	C:\Program Files\Java\jdk1.6.0_11\jre\bin\jdwp.dll
0x6d750000 - 0x6d756000 	C:\Program Files\Java\jdk1.6.0_11\jre\bin\npt.dll
0x6d860000 - 0x6d86c000 	C:\Program Files\Java\jdk1.6.0_11\jre\bin\verify.dll
0x6d3d0000 - 0x6d3ef000 	C:\Program Files\Java\jdk1.6.0_11\jre\bin\java.dll
0x6d8a0000 - 0x6d8af000 	C:\Program Files\Java\jdk1.6.0_11\jre\bin\zip.dll
0x6d2a0000 - 0x6d2a7000 	C:\Program Files\Java\jdk1.6.0_11\jre\bin\dt_socket.dll
0x77530000 - 0x7755d000 	C:\Windows\system32\WS2_32.dll
0x77470000 - 0x77476000 	C:\Windows\system32\NSI.dll
0x740d0000 - 0x740df000 	C:\Windows\system32\NLAapi.dll
0x75400000 - 0x75419000 	C:\Windows\system32\IPHLPAPI.DLL
0x753c0000 - 0x753f5000 	C:\Windows\system32\dhcpcsvc.DLL
0x75960000 - 0x7598c000 	C:\Windows\system32\DNSAPI.dll
0x75a10000 - 0x75a24000 	C:\Windows\system32\Secur32.dll
0x75950000 - 0x75957000 	C:\Windows\system32\WINNSI.DLL
0x75390000 - 0x753b1000 	C:\Windows\system32\dhcpcsvc6.DLL
0x71640000 - 0x7164f000 	C:\Windows\system32\napinsp.dll
0x71530000 - 0x71542000 	C:\Windows\system32\pnrpnsp.dll
0x71630000 - 0x71638000 	C:\Windows\System32\winrnr.dll
0x774e0000 - 0x7752a000 	C:\Windows\system32\WLDAP32.dll
0x10000000 - 0x10009000 	C:\Program Files\FRITZ!DSL\sarah.dll
0x00930000 - 0x00942000 	C:\Program Files\FRITZ!DSL\block.dll
0x71620000 - 0x71623000 	C:\Windows\system32\rnr20.dll
0x751c0000 - 0x751fb000 	C:\Windows\system32\MSWSOCK.dll
0x71d10000 - 0x71d16000 	C:\Windows\system32\rasadhlp.dll
0x74e60000 - 0x74e65000 	C:\Windows\System32\wshtcpip.dll
0x6d370000 - 0x6d38a000 	C:\Program Files\Java\jdk1.6.0_11\jre\bin\instrument.dll
0x6d6c0000 - 0x6d6d3000 	C:\Program Files\Java\jdk1.6.0_11\jre\bin\net.dll
0x75300000 - 0x75305000 	C:\Windows\System32\wship6.dll
0x6d610000 - 0x6d619000 	C:\Program Files\Java\jdk1.6.0_11\jre\bin\management.dll
0x74f70000 - 0x74fab000 	C:\Windows\system32\rsaenh.dll
0x75a30000 - 0x75a4e000 	C:\Windows\system32\USERENV.dll
0x6d7b0000 - 0x6d7b6000 	C:\Program Files\Java\jdk1.6.0_11\jre\bin\rmi.dll

VM Arguments:
jvm_args: -agentlib:jdwp=transport=dt_socket,suspend=y,address=localhost:50750 
java_command: mainPackage.MainClass
Launcher Type: SUN_STANDARD

Environment Variables:
CLASSPATH=.;C:\Program Files\Java\jre1.6.0_05\lib\ext\QTJava.zip
PATH=C:\Program Files\Java\jdk1.6.0_11\jre\bin;C:\Program Files\Java\jre6\bin\client;C:\Program Files\Java\jre6\bin;C:\Windows\system32;C:\Windows;C:\Windows\System32\Wbem;C:\Program Files\QuickTime\QTSystem\
USERNAME=tnickel
OS=Windows_NT
PROCESSOR_IDENTIFIER=x86 Family 6 Model 15 Stepping 13, GenuineIntel



---------------  S Y S T E M  ---------------

OS: Windows Vista Build 6001 Service Pack 1

CPU:total 2 (2 cores per cpu, 1 threads per core) family 6 model 15 stepping 13, cmov, cx8, fxsr, mmx, sse, sse2, sse3, ssse3

Memory: 4k page, physical 2097151k(715908k free), swap 4194303k(4184768k free)

vm_info: Java HotSpot(TM) Client VM (11.0-b16) for windows-x86 JRE (1.6.0_11-b03), built on Nov 10 2008 02:15:12 by "java_re" with MS VC++ 7.1

time: Fri Feb 13 13:20:40 2009
elapsed time: 1028 seconds

