#
# An unexpected error has been detected by Java Runtime Environment:
#
#  EXCEPTION_ACCESS_VIOLATION (0xc0000005) at pc=0x6d90df57, pid=512, tid=4548
#
# Java VM: Java HotSpot(TM) Client VM (11.0-b16 mixed mode windows-x86)
# Problematic frame:
# V  [jvm.dll+0x5df57]
#
# If you would like to submit a bug report, please visit:
#   http://java.sun.com/webapps/bugreport/crash.jsp
#

---------------  T H R E A D  ---------------

Current thread (0x0219a400):  VMThread [stack: 0x00950000,0x009a0000] [id=4548]

siginfo: ExceptionCode=0xc0000005, reading address 0x0000000c

Registers:
EAX=0x02123278, EBX=0x021232b4, ECX=0x00000000, EDX=0x6da8c108
ESP=0x0099f798, EBP=0x0210ade0, ESI=0x08449e00, EDI=0x08449e00
EIP=0x6d90df57, EFLAGS=0x00010287

Top of Stack: (sp=0x0099f798)
0x0099f798:   08449e00 08449e00 6da2ecc0 6d8ce6eb
0x0099f7a8:   08449e00 0099f7f0 0099f7f0 00000002
0x0099f7b8:   0210fd20 6d95f8b1 08449e60 021230d0
0x0099f7c8:   6d95f681 02123278 6d92e9e3 0099f7f0
0x0099f7d8:   00000000 0210fd78 08449e60 6d95f497
0x0099f7e8:   0099f7f0 00000000 6da948c8 08449e60
0x0099f7f8:   00000000 6d95a123 08449e60 08449e60
0x0099f808:   00000000 0099f920 00000000 6d9ef6a3 

Instructions: (pc=0x6d90df57)
0x6d90df47:   cc cc cc cc cc cc cc cc cc 51 56 8b f1 8b 4e 04
0x6d90df57:   8b 51 0c 83 c1 08 8b c2 c1 f8 02 85 d2 89 54 24 


Stack: [0x00950000,0x009a0000],  sp=0x0099f798,  free space=317k
Native frames: (J=compiled Java code, j=interpreted, Vv=VM code, C=native code)
V  [jvm.dll+0x5df57]

VM_Operation (0x007ff820): GenCollectForAllocation, mode: safepoint, requested by thread 0x02109c00


---------------  P R O C E S S  ---------------

Java Threads: ( => current thread )
  0x021e3400 JavaThread "Low Memory Detector" daemon [_thread_blocked, id=5996, stack(0x0c5c0000,0x0c610000)]
  0x021dd800 JavaThread "CompilerThread0" daemon [_thread_blocked, id=5616, stack(0x0c570000,0x0c5c0000)]
  0x021d2400 JavaThread "JDWP Command Reader" daemon [_thread_in_native, id=5160, stack(0x0c520000,0x0c570000)]
  0x021d1c00 JavaThread "JDWP Event Helper Thread" daemon [_thread_blocked, id=4960, stack(0x0c480000,0x0c4d0000)]
  0x021cdc00 JavaThread "JDWP Transport Listener: dt_socket" daemon [_thread_blocked, id=3388, stack(0x0c2b0000,0x0c300000)]
  0x021c1c00 JavaThread "Attach Listener" daemon [_thread_blocked, id=2652, stack(0x0c260000,0x0c2b0000)]
  0x021b7400 JavaThread "Signal Dispatcher" daemon [_thread_blocked, id=936, stack(0x0c210000,0x0c260000)]
  0x021a2000 JavaThread "Finalizer" daemon [_thread_blocked, id=516, stack(0x01980000,0x019d0000)]
  0x0219d800 JavaThread "Reference Handler" daemon [_thread_blocked, id=4568, stack(0x01930000,0x01980000)]
  0x02109c00 JavaThread "main" [_thread_blocked, id=5400, stack(0x007b0000,0x00800000)]

Other Threads:
=>0x0219a400 VMThread [stack: 0x00950000,0x009a0000] [id=4548]
  0x021ec000 WatcherThread [stack: 0x0c610000,0x0c660000] [id=5844]

VM state:at safepoint (normal execution)

VM Mutex/Monitor currently owned by a thread:  ([mutex/lock_event])
[0x02107dc8] UNKNOWN - owner thread: 0x0219a400
[0x02108228] UNKNOWN - owner thread: 0x02109c00

Heap
 def new generation   total 4416K, used 447K [0x04210000, 0x046d0000, 0x046f0000)
  eden space 3968K,   0% used [0x04210000, 0x04210000, 0x045f0000)
  from space 448K,  99% used [0x04660000, 0x046cfff8, 0x046d0000)
  to   space 448K,   0% used [0x045f0000, 0x045f0000, 0x04660000)
 tenured generation   total 59128K, used 59080K [0x046f0000, 0x080ae000, 0x08210000)
   the space 59128K,  99% used [0x046f0000, 0x080a2378, 0x0668ba00, 0x080ae000)
 compacting perm gen  total 12288K, used 2857K [0x08210000, 0x08e10000, 0x0c210000)
   the space 12288K,  23% used [0x08210000, 0x084da4b0, 0x084d8600, 0x08e10000)
No shared spaces configured.

Dynamic libraries:
0x00400000 - 0x00424000 	C:\Program Files\Java\jdk1.6.0_11\jre\bin\javaw.exe
0x770f0000 - 0x77217000 	C:\Windows\system32\ntdll.dll
0x76890000 - 0x7696b000 	C:\Windows\system32\kernel32.dll
0x76590000 - 0x76656000 	C:\Windows\system32\ADVAPI32.dll
0x767b0000 - 0x76872000 	C:\Windows\system32\RPCRT4.dll
0x76fc0000 - 0x7705d000 	C:\Windows\system32\USER32.dll
0x76680000 - 0x766cb000 	C:\Windows\system32\GDI32.dll
0x76660000 - 0x7667e000 	C:\Windows\system32\IMM32.DLL
0x76e30000 - 0x76ef8000 	C:\Windows\system32\MSCTF.dll
0x76480000 - 0x7652a000 	C:\Windows\system32\msvcrt.dll
0x76580000 - 0x76589000 	C:\Windows\system32\LPK.DLL
0x76d20000 - 0x76d9d000 	C:\Windows\system32\USP10.dll
0x7c340000 - 0x7c396000 	C:\Program Files\Java\jdk1.6.0_11\jre\bin\msvcr71.dll
0x6d8b0000 - 0x6db06000 	C:\Program Files\Java\jdk1.6.0_11\jre\bin\client\jvm.dll
0x74030000 - 0x74062000 	C:\Windows\system32\WINMM.dll
0x76b00000 - 0x76c44000 	C:\Windows\system32\ole32.dll
0x77060000 - 0x770ed000 	C:\Windows\system32\OLEAUT32.dll
0x73ff0000 - 0x74029000 	C:\Windows\system32\OLEACC.dll
0x757a0000 - 0x757cc000 	C:\Windows\system32\apphelp.dll
0x6d330000 - 0x6d338000 	C:\Program Files\Java\jdk1.6.0_11\jre\bin\hpi.dll
0x758d0000 - 0x758d7000 	C:\Windows\system32\PSAPI.DLL
0x6d420000 - 0x6d449000 	C:\Program Files\Java\jdk1.6.0_11\jre\bin\jdwp.dll
0x6d750000 - 0x6d756000 	C:\Program Files\Java\jdk1.6.0_11\jre\bin\npt.dll
0x6d860000 - 0x6d86c000 	C:\Program Files\Java\jdk1.6.0_11\jre\bin\verify.dll
0x6d3d0000 - 0x6d3ef000 	C:\Program Files\Java\jdk1.6.0_11\jre\bin\java.dll
0x6d8a0000 - 0x6d8af000 	C:\Program Files\Java\jdk1.6.0_11\jre\bin\zip.dll
0x6d2a0000 - 0x6d2a7000 	C:\Program Files\Java\jdk1.6.0_11\jre\bin\dt_socket.dll
0x76780000 - 0x767ad000 	C:\Windows\system32\WS2_32.dll
0x76880000 - 0x76886000 	C:\Windows\system32\NSI.dll
0x73e60000 - 0x73e6f000 	C:\Windows\system32\NLAapi.dll
0x75190000 - 0x751a9000 	C:\Windows\system32\IPHLPAPI.DLL
0x75150000 - 0x75185000 	C:\Windows\system32\dhcpcsvc.DLL
0x75600000 - 0x7562c000 	C:\Windows\system32\DNSAPI.dll
0x75800000 - 0x75814000 	C:\Windows\system32\Secur32.dll
0x755f0000 - 0x755f7000 	C:\Windows\system32\WINNSI.DLL
0x75120000 - 0x75141000 	C:\Windows\system32\dhcpcsvc6.DLL
0x715e0000 - 0x715ef000 	C:\Windows\system32\napinsp.dll
0x713b0000 - 0x713c2000 	C:\Windows\system32\pnrpnsp.dll
0x71400000 - 0x71408000 	C:\Windows\System32\winrnr.dll
0x76730000 - 0x7677a000 	C:\Windows\system32\WLDAP32.dll
0x10000000 - 0x10009000 	C:\Program Files\FRITZ!DSL\sarah.dll
0x019d0000 - 0x019e2000 	C:\Program Files\FRITZ!DSL\block.dll
0x713f0000 - 0x713f3000 	C:\Windows\system32\rnr20.dll
0x74fa0000 - 0x74fdb000 	C:\Windows\system32\MSWSOCK.dll
0x71de0000 - 0x71de6000 	C:\Windows\system32\rasadhlp.dll
0x74c50000 - 0x74c55000 	C:\Windows\System32\wshtcpip.dll

VM Arguments:
jvm_args: -agentlib:jdwp=transport=dt_socket,suspend=y,address=localhost:58605 
java_command: mainPackage.MainClass
Launcher Type: SUN_STANDARD

Environment Variables:
CLASSPATH=.;C:\Program Files\Java\jre1.6.0_05\lib\ext\QTJava.zip
PATH=C:\Program Files\Java\jdk1.6.0_11\jre\bin;C:\Program Files\Java\jre6\bin\client;C:\Program Files\Java\jre6\bin;C:\Windows\system32;C:\Windows;C:\Windows\System32\Wbem;C:\Program Files\QuickTime\QTSystem\
USERNAME=tnickel
OS=Windows_NT
PROCESSOR_IDENTIFIER=x86 Family 6 Model 15 Stepping 13, GenuineIntel



---------------  S Y S T E M  ---------------

OS: Windows Vista Build 6001 Service Pack 1

CPU:total 2 (2 cores per cpu, 1 threads per core) family 6 model 15 stepping 13, cmov, cx8, fxsr, mmx, sse, sse2, sse3, ssse3

Memory: 4k page, physical 2097151k(917536k free), swap 4194303k(3934592k free)

vm_info: Java HotSpot(TM) Client VM (11.0-b16) for windows-x86 JRE (1.6.0_11-b03), built on Nov 10 2008 02:15:12 by "java_re" with MS VC++ 7.1

time: Fri Jan 30 16:46:30 2009
elapsed time: 330 seconds

