#
# An unexpected error has been detected by Java Runtime Environment:
#
#  EXCEPTION_ACCESS_VIOLATION (0xc0000005) at pc=0x6d90df57, pid=2228, tid=4100
#
# Java VM: Java HotSpot(TM) Client VM (11.0-b16 mixed mode windows-x86)
# Problematic frame:
# V  [jvm.dll+0x5df57]
#
# If you would like to submit a bug report, please visit:
#   http://java.sun.com/webapps/bugreport/crash.jsp
#

---------------  T H R E A D  ---------------

Current thread (0x0208a400):  VMThread [stack: 0x02100000,0x02150000] [id=4100]

siginfo: ExceptionCode=0xc0000005, reading address 0xb759020d

Registers:
EAX=0x02013278, EBX=0x020132b4, ECX=0xb7590201, EDX=0x6da8c108
ESP=0x0214f598, EBP=0x0215ade0, ESI=0x083f9d48, EDI=0x083f9d48
EIP=0x6d90df57, EFLAGS=0x00010287

Top of Stack: (sp=0x0214f598)
0x0214f598:   083f9d48 083f9d48 6da2ecc0 6d8ce6eb
0x0214f5a8:   083f9d48 0214f5f0 0214f5f0 00000002
0x0214f5b8:   0215fd20 6d95f8b1 083f9ef0 020130d0
0x0214f5c8:   6d95f681 02013278 6d92e9e3 0214f5f0
0x0214f5d8:   00000000 0215fd78 083f9ef0 6d95f497
0x0214f5e8:   0214f5f0 00000000 6da948c8 083f9ef0
0x0214f5f8:   00000000 6d95a123 083f9ef0 083f9ef0
0x0214f608:   00000000 0214f720 00000000 6d9ef6a3 

Instructions: (pc=0x6d90df57)
0x6d90df47:   cc cc cc cc cc cc cc cc cc 51 56 8b f1 8b 4e 04
0x6d90df57:   8b 51 0c 83 c1 08 8b c2 c1 f8 02 85 d2 89 54 24 


Stack: [0x02100000,0x02150000],  sp=0x0214f598,  free space=317k
Native frames: (J=compiled Java code, j=interpreted, Vv=VM code, C=native code)
V  [jvm.dll+0x5df57]

VM_Operation (0x007ff6e8): GenCollectForAllocation, mode: safepoint, requested by thread 0x02159c00


---------------  P R O C E S S  ---------------

Java Threads: ( => current thread )
  0x020cf400 JavaThread "Low Memory Detector" daemon [_thread_blocked, id=3916, stack(0x0c680000,0x0c6d0000)]
  0x020c9c00 JavaThread "CompilerThread0" daemon [_thread_blocked, id=5196, stack(0x0c5c0000,0x0c610000)]
  0x020bc400 JavaThread "JDWP Command Reader" daemon [_thread_in_native, id=3632, stack(0x0c570000,0x0c5c0000)]
  0x020bc000 JavaThread "JDWP Event Helper Thread" daemon [_thread_blocked, id=6056, stack(0x0c520000,0x0c570000)]
  0x020b9c00 JavaThread "JDWP Transport Listener: dt_socket" daemon [_thread_blocked, id=5692, stack(0x0c480000,0x0c4d0000)]
  0x020ae000 JavaThread "Attach Listener" daemon [_thread_blocked, id=4676, stack(0x0c260000,0x0c2b0000)]
  0x020a3400 JavaThread "Signal Dispatcher" daemon [_thread_blocked, id=5804, stack(0x0c210000,0x0c260000)]
  0x02092000 JavaThread "Finalizer" daemon [_thread_blocked, id=4968, stack(0x0c1c0000,0x0c210000)]
  0x0208d800 JavaThread "Reference Handler" daemon [_thread_blocked, id=5592, stack(0x02160000,0x021b0000)]
  0x02159c00 JavaThread "main" [_thread_blocked, id=1012, stack(0x007b0000,0x00800000)]

Other Threads:
=>0x0208a400 VMThread [stack: 0x02100000,0x02150000] [id=4100]
  0x020d8400 WatcherThread [stack: 0x0c6e0000,0x0c730000] [id=2796]

VM state:at safepoint (normal execution)

VM Mutex/Monitor currently owned by a thread:  ([mutex/lock_event])
[0x02157dc8] UNKNOWN - owner thread: 0x0208a400
[0x02158228] UNKNOWN - owner thread: 0x02159c00

Heap
 def new generation   total 4544K, used 3659K [0x041c0000, 0x046a0000, 0x046a0000)
  eden space 4096K,  85% used [0x041c0000, 0x0452b540, 0x045c0000)
  from space 448K,  35% used [0x045c0000, 0x045e79f8, 0x04630000)
  to   space 448K,   0% used [0x04630000, 0x04630000, 0x046a0000)
 tenured generation   total 60544K, used 60088K [0x046a0000, 0x081c0000, 0x081c0000)
   the space 60544K,  99% used [0x046a0000, 0x0814e3d0, 0x06591c00, 0x081c0000)
 compacting perm gen  total 12288K, used 2862K [0x081c0000, 0x08dc0000, 0x0c1c0000)
   the space 12288K,  23% used [0x081c0000, 0x0848b920, 0x08489200, 0x08dc0000)
No shared spaces configured.

Dynamic libraries:
0x00400000 - 0x00424000 	C:\Program Files\Java\jdk1.6.0_11\jre\bin\javaw.exe
0x770f0000 - 0x77217000 	C:\Windows\system32\ntdll.dll
0x76890000 - 0x7696b000 	C:\Windows\system32\kernel32.dll
0x76590000 - 0x76656000 	C:\Windows\system32\ADVAPI32.dll
0x767b0000 - 0x76872000 	C:\Windows\system32\RPCRT4.dll
0x76fc0000 - 0x7705d000 	C:\Windows\system32\USER32.dll
0x76680000 - 0x766cb000 	C:\Windows\system32\GDI32.dll
0x76660000 - 0x7667e000 	C:\Windows\system32\IMM32.DLL
0x76e30000 - 0x76ef8000 	C:\Windows\system32\MSCTF.dll
0x76480000 - 0x7652a000 	C:\Windows\system32\msvcrt.dll
0x76580000 - 0x76589000 	C:\Windows\system32\LPK.DLL
0x76d20000 - 0x76d9d000 	C:\Windows\system32\USP10.dll
0x7c340000 - 0x7c396000 	C:\Program Files\Java\jdk1.6.0_11\jre\bin\msvcr71.dll
0x6d8b0000 - 0x6db06000 	C:\Program Files\Java\jdk1.6.0_11\jre\bin\client\jvm.dll
0x74030000 - 0x74062000 	C:\Windows\system32\WINMM.dll
0x76b00000 - 0x76c44000 	C:\Windows\system32\ole32.dll
0x77060000 - 0x770ed000 	C:\Windows\system32\OLEAUT32.dll
0x73ff0000 - 0x74029000 	C:\Windows\system32\OLEACC.dll
0x757a0000 - 0x757cc000 	C:\Windows\system32\apphelp.dll
0x6d330000 - 0x6d338000 	C:\Program Files\Java\jdk1.6.0_11\jre\bin\hpi.dll
0x758d0000 - 0x758d7000 	C:\Windows\system32\PSAPI.DLL
0x6d420000 - 0x6d449000 	C:\Program Files\Java\jdk1.6.0_11\jre\bin\jdwp.dll
0x6d750000 - 0x6d756000 	C:\Program Files\Java\jdk1.6.0_11\jre\bin\npt.dll
0x6d860000 - 0x6d86c000 	C:\Program Files\Java\jdk1.6.0_11\jre\bin\verify.dll
0x6d3d0000 - 0x6d3ef000 	C:\Program Files\Java\jdk1.6.0_11\jre\bin\java.dll
0x6d8a0000 - 0x6d8af000 	C:\Program Files\Java\jdk1.6.0_11\jre\bin\zip.dll
0x6d2a0000 - 0x6d2a7000 	C:\Program Files\Java\jdk1.6.0_11\jre\bin\dt_socket.dll
0x76780000 - 0x767ad000 	C:\Windows\system32\WS2_32.dll
0x76880000 - 0x76886000 	C:\Windows\system32\NSI.dll
0x73e60000 - 0x73e6f000 	C:\Windows\system32\NLAapi.dll
0x75190000 - 0x751a9000 	C:\Windows\system32\IPHLPAPI.DLL
0x75150000 - 0x75185000 	C:\Windows\system32\dhcpcsvc.DLL
0x75600000 - 0x7562c000 	C:\Windows\system32\DNSAPI.dll
0x75800000 - 0x75814000 	C:\Windows\system32\Secur32.dll
0x755f0000 - 0x755f7000 	C:\Windows\system32\WINNSI.DLL
0x75120000 - 0x75141000 	C:\Windows\system32\dhcpcsvc6.DLL
0x715e0000 - 0x715ef000 	C:\Windows\system32\napinsp.dll
0x713b0000 - 0x713c2000 	C:\Windows\system32\pnrpnsp.dll
0x71400000 - 0x71408000 	C:\Windows\System32\winrnr.dll
0x76730000 - 0x7677a000 	C:\Windows\system32\WLDAP32.dll
0x10000000 - 0x10009000 	C:\Program Files\FRITZ!DSL\sarah.dll
0x019d0000 - 0x019e2000 	C:\Program Files\FRITZ!DSL\block.dll
0x713f0000 - 0x713f3000 	C:\Windows\system32\rnr20.dll
0x74fa0000 - 0x74fdb000 	C:\Windows\system32\MSWSOCK.dll
0x71de0000 - 0x71de6000 	C:\Windows\system32\rasadhlp.dll
0x74c50000 - 0x74c55000 	C:\Windows\System32\wshtcpip.dll

VM Arguments:
jvm_args: -agentlib:jdwp=transport=dt_socket,suspend=y,address=localhost:58639 
java_command: mainPackage.MainClass
Launcher Type: SUN_STANDARD

Environment Variables:
CLASSPATH=.;C:\Program Files\Java\jre1.6.0_05\lib\ext\QTJava.zip
PATH=C:\Program Files\Java\jdk1.6.0_11\jre\bin;C:\Program Files\Java\jre6\bin\client;C:\Program Files\Java\jre6\bin;C:\Windows\system32;C:\Windows;C:\Windows\System32\Wbem;C:\Program Files\QuickTime\QTSystem\
USERNAME=tnickel
OS=Windows_NT
PROCESSOR_IDENTIFIER=x86 Family 6 Model 15 Stepping 13, GenuineIntel



---------------  S Y S T E M  ---------------

OS: Windows Vista Build 6001 Service Pack 1

CPU:total 2 (2 cores per cpu, 1 threads per core) family 6 model 15 stepping 13, cmov, cx8, fxsr, mmx, sse, sse2, sse3, ssse3

Memory: 4k page, physical 2097151k(965936k free), swap 4194303k(3784628k free)

vm_info: Java HotSpot(TM) Client VM (11.0-b16) for windows-x86 JRE (1.6.0_11-b03), built on Nov 10 2008 02:15:12 by "java_re" with MS VC++ 7.1

time: Fri Jan 30 17:41:58 2009
elapsed time: 141 seconds

