#
# An unexpected error has been detected by Java Runtime Environment:
#
# java.lang.OutOfMemoryError: requested 5242880 bytes for GrET in C:\BUILD_AREA\jdk6_13\hotspot\src\share\vm\utilities\growableArray.cpp. Out of swap space?
#
#  Internal Error (allocation.inline.hpp:42), pid=3456, tid=3344
#  Error: GrET in C:\BUILD_AREA\jdk6_13\hotspot\src\share\vm\utilities\growableArray.cpp
#
# Java VM: Java HotSpot(TM) Client VM (11.3-b02 mixed mode windows-x86)
# If you would like to submit a bug report, please visit:
#   http://java.sun.com/webapps/bugreport/crash.jsp
#

---------------  T H R E A D  ---------------

Current thread (0x68c33400):  VMThread [stack: 0x68cc0000,0x68d10000] [id=3344]

Stack: [0x68cc0000,0x68d10000]
[error occurred during error reporting (printing stack bounds), id 0x80000001]

VM_Operation (0x0090f778): GenCollectForAllocation, mode: safepoint, requested by thread 0x003a7400


---------------  P R O C E S S  ---------------

Java Threads: ( => current thread )
  0x690d4400 JavaThread "RMI TCP Accept-0" daemon [_thread_in_native, id=404, stack(0x692c0000,0x69310000)]
  0x68c55000 JavaThread "Low Memory Detector" daemon [_thread_blocked, id=2992, stack(0x68ea0000,0x68ef0000)]
  0x68c4f400 JavaThread "CompilerThread0" daemon [_thread_blocked, id=2932, stack(0x68e50000,0x68ea0000)]
  0x68c4dc00 JavaThread "Attach Listener" daemon [_thread_blocked, id=2452, stack(0x68e00000,0x68e50000)]
  0x68c4c800 JavaThread "Signal Dispatcher" daemon [_thread_blocked, id=3048, stack(0x68db0000,0x68e00000)]
  0x68c39800 JavaThread "Finalizer" daemon [_thread_blocked, id=3752, stack(0x68d60000,0x68db0000)]
  0x68c38000 JavaThread "Reference Handler" daemon [_thread_blocked, id=1236, stack(0x68d10000,0x68d60000)]
  0x003a7400 JavaThread "main" [_thread_blocked, id=876, stack(0x008c0000,0x00910000)]

Other Threads:
=>0x68c33400 VMThread [stack: 0x68cc0000,0x68d10000] [id=3344]
  0x69125c00 WatcherThread [stack: 0x69310000,0x69360000] [id=3880]

VM state:at safepoint (normal execution)

VM Mutex/Monitor currently owned by a thread:  ([mutex/lock_event])
[0x003a6290] UNKNOWN - owner thread: 0x68c33400
[0x003a66f0] UNKNOWN - owner thread: 0x003a7400

Heap
 def new generation   total 8768K, used 960K [0x02990000, 0x03310000, 0x09fb0000)
  eden space 7808K,   0% used [0x02990000, 0x02990000, 0x03130000)
  from space 960K, 100% used [0x03220000, 0x03310000, 0x03310000)
  to   space 960K,   0% used [0x03130000, 0x03130000, 0x03220000)
 tenured generation   total 117316K, used 117289K [0x09fb0000, 0x11241000, 0x62990000)
   the space 117316K,  99% used [0x09fb0000, 0x1123a580, 0x1123a600, 0x11241000)
 compacting perm gen  total 12288K, used 6107K [0x62990000, 0x63590000, 0x66990000)
   the space 12288K,  49% used [0x62990000, 0x62f86cb8, 0x62f86e00, 0x63590000)
No shared spaces configured.

Dynamic libraries:
0x00400000 - 0x00424000 	C:\Program Files\Java\jre6\bin\javaw.exe
0x7c900000 - 0x7c9b2000 	C:\WINDOWS\system32\ntdll.dll
0x7c800000 - 0x7c8f6000 	C:\WINDOWS\system32\kernel32.dll
0x77dd0000 - 0x77e6b000 	C:\WINDOWS\system32\ADVAPI32.dll
0x77e70000 - 0x77f02000 	C:\WINDOWS\system32\RPCRT4.dll
0x77fe0000 - 0x77ff1000 	C:\WINDOWS\system32\Secur32.dll
0x7e410000 - 0x7e4a1000 	C:\WINDOWS\system32\USER32.dll
0x77f10000 - 0x77f59000 	C:\WINDOWS\system32\GDI32.dll
0x7c340000 - 0x7c396000 	C:\Program Files\Java\jre6\bin\msvcr71.dll
0x6d800000 - 0x6da56000 	C:\Program Files\Java\jre6\bin\client\jvm.dll
0x76b40000 - 0x76b6d000 	C:\WINDOWS\system32\WINMM.dll
0x6d290000 - 0x6d298000 	C:\Program Files\Java\jre6\bin\hpi.dll
0x76bf0000 - 0x76bfb000 	C:\WINDOWS\system32\PSAPI.DLL
0x6d7b0000 - 0x6d7bc000 	C:\Program Files\Java\jre6\bin\verify.dll
0x6d330000 - 0x6d34f000 	C:\Program Files\Java\jre6\bin\java.dll
0x6d7f0000 - 0x6d7ff000 	C:\Program Files\Java\jre6\bin\zip.dll
0x6d610000 - 0x6d623000 	C:\Program Files\Java\jre6\bin\net.dll
0x71ab0000 - 0x71ac7000 	C:\WINDOWS\system32\WS2_32.dll
0x77c10000 - 0x77c68000 	C:\WINDOWS\system32\msvcrt.dll
0x71aa0000 - 0x71aa8000 	C:\WINDOWS\system32\WS2HELP.dll
0x71a50000 - 0x71a8f000 	C:\WINDOWS\System32\mswsock.dll
0x76f20000 - 0x76f47000 	C:\WINDOWS\system32\DNSAPI.dll
0x76d60000 - 0x76d79000 	C:\WINDOWS\system32\iphlpapi.dll
0x76fb0000 - 0x76fb8000 	C:\WINDOWS\System32\winrnr.dll
0x76f60000 - 0x76f8c000 	C:\WINDOWS\system32\WLDAP32.dll
0x76fc0000 - 0x76fc6000 	C:\WINDOWS\system32\rasadhlp.dll
0x6d560000 - 0x6d569000 	C:\Program Files\Java\jre6\bin\management.dll
0x691a0000 - 0x691d6000 	C:\WINDOWS\system32\rsaenh.dll
0x769c0000 - 0x76a74000 	C:\WINDOWS\system32\USERENV.dll
0x69200000 - 0x69255000 	C:\WINDOWS\system32\netapi32.dll
0x69260000 - 0x692b8000 	C:\WINDOWS\system32\hnetcfg.dll
0x71a90000 - 0x71a98000 	C:\WINDOWS\System32\wshtcpip.dll
0x69760000 - 0x697b9000 	C:\Documents and Settings\PSD10\Local Settings\Temp\swtlib-32\swt-win32-3555.dll
0x774e0000 - 0x7761d000 	C:\WINDOWS\system32\ole32.dll
0x77120000 - 0x771ab000 	C:\WINDOWS\system32\OLEAUT32.dll
0x763b0000 - 0x763f9000 	C:\WINDOWS\system32\comdlg32.dll
0x773d0000 - 0x774d3000 	C:\WINDOWS\WinSxS\x86_Microsoft.Windows.Common-Controls_6595b64144ccf1df_6.0.2600.5512_x-ww_35d4ce83\COMCTL32.dll
0x77f60000 - 0x77fd6000 	C:\WINDOWS\system32\SHLWAPI.dll
0x7c9c0000 - 0x7d1d7000 	C:\WINDOWS\system32\SHELL32.dll
0x76390000 - 0x763ad000 	C:\WINDOWS\system32\IMM32.dll
0x74d90000 - 0x74dfb000 	C:\WINDOWS\system32\USP10.dll
0x771b0000 - 0x7725a000 	C:\WINDOWS\system32\WININET.dll
0x77a80000 - 0x77b15000 	C:\WINDOWS\system32\CRYPT32.dll
0x77b20000 - 0x77b32000 	C:\WINDOWS\system32\MSASN1.dll
0x69810000 - 0x69848000 	C:\WINDOWS\system32\uxtheme.dll

VM Arguments:
jvm_args: -Xms120m -Xmx1536m -Dcom.sun.management.jmxremote -Djava.library.path=C:\Documents and Settings\PSD10\workspace\org.eclipse.swt -Dfile.encoding=Cp1252 
java_command: mainPackage.MainClass
Launcher Type: SUN_STANDARD

Environment Variables:
CLASSPATH=F:\offline\external_libs\apache_pdf
PATH=C:/Program Files/Java/jre6/bin/client;C:/Program Files/Java/jre6/bin;C:\WINDOWS\system32;C:\WINDOWS;C:\WINDOWS\System32\Wbem;C:\Program Files\Common Files\Acronis\SnapAPI\
USERNAME=PSD10
OS=Windows_NT
PROCESSOR_IDENTIFIER=x86 Family 6 Model 15 Stepping 6, GenuineIntel



---------------  S Y S T E M  ---------------

OS: Windows XP Build 2600 Service Pack 3

CPU:total 2 (2 cores per cpu, 1 threads per core) family 6 model 15 stepping 6, cmov, cx8, fxsr, mmx, sse, sse2, sse3, ssse3

Memory: 4k page, physical 1551852k(49352k free), swap 2185188k(9448k free)

vm_info: Java HotSpot(TM) Client VM (11.3-b02) for windows-x86 JRE (1.6.0_13-b03), built on Mar  9 2009 01:15:24 by "java_re" with MS VC++ 7.1

time: Mon Oct 11 18:00:12 2010
elapsed time: 14 seconds

