#
# An unexpected error has been detected by Java Runtime Environment:
#
#  EXCEPTION_ACCESS_VIOLATION (0xc0000005) at pc=0x6d85e027, pid=10876, tid=3864
#
# Java VM: Java HotSpot(TM) Client VM (11.3-b02 mixed mode windows-x86)
# Problematic frame:
# V  [jvm.dll+0x5e027]
#
# If you would like to submit a bug report, please visit:
#   http://java.sun.com/webapps/bugreport/crash.jsp
#

---------------  T H R E A D  ---------------

Current thread (0x004df000):  VMThread [stack: 0x023d0000,0x02420000] [id=3864]

siginfo: ExceptionCode=0xc0000005, reading address 0x1c000dc2

Registers:
EAX=0x0046a588, EBX=0x0046a5c4, ECX=0x1c000db6, EDX=0x6d9dc108
ESP=0x0241f598, EBP=0x0242b1a0, ESI=0x24cb73f0, EDI=0x24cb73f0
EIP=0x6d85e027, EFLAGS=0x00010297

Top of Stack: (sp=0x0241f598)
0x0241f598:   24cb73f0 24cb73f0 6d97ed30 6d81e78b
0x0241f5a8:   24cb73f0 0241f5f0 0241f5f0 00000002
0x0241f5b8:   0242df38 6d8af7b1 24cb746f 0046a3e0
0x0241f5c8:   6d8af581 0046a588 6d87ea93 0241f5f0
0x0241f5d8:   00000000 0242df90 24cb746f 6d8af397
0x0241f5e8:   0241f5f0 00000000 6d9e48c8 24cb746f
0x0241f5f8:   00000000 6d8aa103 24cb746f 24cb746f
0x0241f608:   00000000 0241f720 00000000 6d93f6e3 

Instructions: (pc=0x6d85e027)
0x6d85e017:   cc cc cc cc cc cc cc cc cc 51 56 8b f1 8b 4e 04
0x6d85e027:   8b 51 0c 83 c1 08 8b c2 c1 f8 02 85 d2 89 54 24 


Stack: [0x023d0000,0x02420000],  sp=0x0241f598,  free space=317k
Native frames: (J=compiled Java code, j=interpreted, Vv=VM code, C=native code)
V  [jvm.dll+0x5e027]

VM_Operation (0x001af518): GenCollectForAllocation, mode: safepoint, requested by thread 0x0242a000


---------------  P R O C E S S  ---------------

Java Threads: ( => current thread )
  0x290ad800 JavaThread "RMI TCP Accept-0" daemon [_thread_in_native, id=9000, stack(0x29610000,0x29660000)]
  0x290dbc00 JavaThread "SeedGenerator Thread" daemon [_thread_blocked, id=5572, stack(0x294f0000,0x29540000)]
  0x00523c00 JavaThread "Low Memory Detector" daemon [_thread_blocked, id=12020, stack(0x28e10000,0x28e60000)]
  0x00520400 JavaThread "CompilerThread0" daemon [_thread_blocked, id=7996, stack(0x28d80000,0x28dd0000)]
  0x00514800 JavaThread "JDWP Command Reader" daemon [_thread_in_native, id=8368, stack(0x28cf0000,0x28d40000)]
  0x00513800 JavaThread "JDWP Event Helper Thread" daemon [_thread_blocked, id=9376, stack(0x28b20000,0x28b70000)]
  0x00512800 JavaThread "JDWP Transport Listener: dt_socket" daemon [_thread_blocked, id=2068, stack(0x28a50000,0x28aa0000)]
  0x00506000 JavaThread "Attach Listener" daemon [_thread_blocked, id=12184, stack(0x28970000,0x289c0000)]
  0x004fb800 JavaThread "Signal Dispatcher" daemon [_thread_blocked, id=4784, stack(0x288e0000,0x28930000)]
  0x004e8400 JavaThread "Finalizer" daemon [_thread_blocked, id=6424, stack(0x28850000,0x288a0000)]
  0x004e3c00 JavaThread "Reference Handler" daemon [_thread_blocked, id=7588, stack(0x28800000,0x28850000)]
  0x0242a000 JavaThread "main" [_thread_blocked, id=3092, stack(0x00160000,0x001b0000)]

Other Threads:
=>0x004df000 VMThread [stack: 0x023d0000,0x02420000] [id=3864]
  0x29114c00 WatcherThread [stack: 0x296a0000,0x296f0000] [id=10252]

VM state:at safepoint (normal execution)

VM Mutex/Monitor currently owned by a thread:  ([mutex/lock_event])
[0x024281c8] UNKNOWN - owner thread: 0x004df000
[0x02428628] UNKNOWN - owner thread: 0x0242a000

Heap
 def new generation   total 2880K, used 196K [0x04800000, 0x04b20000, 0x06f60000)
  eden space 2560K,   0% used [0x04800000, 0x04800000, 0x04a80000)
  from space 320K,  61% used [0x04a80000, 0x04ab1020, 0x04ad0000)
  to   space 320K,   0% used [0x04ad0000, 0x04ad0000, 0x04b20000)
 tenured generation   total 38040K, used 37846K [0x06f60000, 0x09486000, 0x24800000)
   the space 38040K,  99% used [0x06f60000, 0x094559b8, 0x075c9c00, 0x09486000)
 compacting perm gen  total 12288K, used 5471K [0x24800000, 0x25400000, 0x28800000)
   the space 12288K,  44% used [0x24800000, 0x24d57d78, 0x24d54400, 0x25400000)
No shared spaces configured.

Dynamic libraries:
0x00400000 - 0x00424000 	C:\Program Files (x86)\Java\jre6\bin\javaw.exe
0x771d0000 - 0x77330000 	C:\Windows\SysWOW64\ntdll.dll
0x76ae0000 - 0x76bf0000 	C:\Windows\syswow64\kernel32.dll
0x75a90000 - 0x75b56000 	C:\Windows\syswow64\ADVAPI32.dll
0x76730000 - 0x76820000 	C:\Windows\syswow64\RPCRT4.dll
0x75380000 - 0x753e0000 	C:\Windows\syswow64\Secur32.dll
0x754a0000 - 0x75570000 	C:\Windows\syswow64\USER32.dll
0x75570000 - 0x75600000 	C:\Windows\syswow64\GDI32.dll
0x75440000 - 0x754a0000 	C:\Windows\system32\IMM32.DLL
0x76990000 - 0x76a58000 	C:\Windows\syswow64\MSCTF.dll
0x757c0000 - 0x7586a000 	C:\Windows\syswow64\msvcrt.dll
0x76c90000 - 0x76c99000 	C:\Windows\syswow64\LPK.DLL
0x76bf0000 - 0x76c6d000 	C:\Windows\syswow64\USP10.dll
0x7c340000 - 0x7c396000 	C:\Program Files (x86)\Java\jre6\bin\msvcr71.dll
0x6d800000 - 0x6da56000 	C:\Program Files (x86)\Java\jre6\bin\client\jvm.dll
0x74c10000 - 0x74c42000 	C:\Windows\system32\WINMM.dll
0x75940000 - 0x75a84000 	C:\Windows\syswow64\ole32.dll
0x766a0000 - 0x7672d000 	C:\Windows\syswow64\OLEAUT32.dll
0x74a20000 - 0x74a59000 	C:\Windows\system32\OLEACC.dll
0x73890000 - 0x738bc000 	C:\Windows\system32\apphelp.dll
0x6d290000 - 0x6d298000 	C:\Program Files (x86)\Java\jre6\bin\hpi.dll
0x76980000 - 0x76987000 	C:\Windows\syswow64\PSAPI.DLL
0x6d380000 - 0x6d3a9000 	C:\Program Files (x86)\Java\jre6\bin\jdwp.dll
0x6d6a0000 - 0x6d6a6000 	C:\Program Files (x86)\Java\jre6\bin\npt.dll
0x6d7b0000 - 0x6d7bc000 	C:\Program Files (x86)\Java\jre6\bin\verify.dll
0x6d330000 - 0x6d34f000 	C:\Program Files (x86)\Java\jre6\bin\java.dll
0x6d7f0000 - 0x6d7ff000 	C:\Program Files (x86)\Java\jre6\bin\zip.dll
0x6d200000 - 0x6d207000 	C:\Program Files (x86)\Java\jre6\bin\dt_socket.dll
0x76670000 - 0x7669d000 	C:\Windows\syswow64\WS2_32.dll
0x76c70000 - 0x76c76000 	C:\Windows\syswow64\NSI.dll
0x73310000 - 0x7331f000 	C:\Windows\system32\NLAapi.dll
0x74fa0000 - 0x74fb9000 	C:\Windows\system32\IPHLPAPI.DLL
0x74f60000 - 0x74f95000 	C:\Windows\system32\dhcpcsvc.DLL
0x74f30000 - 0x74f5c000 	C:\Windows\system32\DNSAPI.dll
0x74f20000 - 0x74f27000 	C:\Windows\system32\WINNSI.DLL
0x74ef0000 - 0x74f11000 	C:\Windows\system32\dhcpcsvc6.DLL
0x728c0000 - 0x728cf000 	C:\Windows\system32\napinsp.dll
0x728a0000 - 0x728b2000 	C:\Windows\system32\pnrpnsp.dll
0x73ec0000 - 0x73efb000 	C:\Windows\System32\mswsock.dll
0x726f0000 - 0x726f8000 	C:\Windows\System32\winrnr.dll
0x76a60000 - 0x76aaa000 	C:\Windows\syswow64\WLDAP32.dll
0x737e0000 - 0x737e6000 	C:\Windows\system32\rasadhlp.dll
0x739e0000 - 0x739e5000 	C:\Windows\System32\wshtcpip.dll
0x6d610000 - 0x6d623000 	C:\Program Files (x86)\Java\jre6\bin\net.dll
0x728d0000 - 0x728d5000 	C:\Windows\System32\wship6.dll
0x6d560000 - 0x6d569000 	C:\Program Files (x86)\Java\jre6\bin\management.dll
0x73fb0000 - 0x73feb000 	C:\Windows\system32\rsaenh.dll
0x74a00000 - 0x74a1e000 	C:\Windows\system32\USERENV.dll

VM Arguments:
jvm_args: -agentlib:jdwp=transport=dt_socket,suspend=y,address=localhost:58482 -Xms40m -Xmx512m -Dcom.sun.management.jmxremote -Dfile.encoding=Cp1252 
java_command: mainPackage.MainClass
Launcher Type: SUN_STANDARD

Environment Variables:
PATH=C:/Program Files (x86)/Java/jre6/bin/client;C:/Program Files (x86)/Java/jre6/bin;C:\Windows\system32;C:\Windows;C:\Windows\System32\Wbem;C:\Program Files (x86)\Common Files\DivX Shared\
USERNAME=Gast
OS=Windows_NT
PROCESSOR_IDENTIFIER=Intel64 Family 6 Model 26 Stepping 4, GenuineIntel



---------------  S Y S T E M  ---------------

OS: Windows Vista Build 6001 Service Pack 1

CPU:total 8 (8 cores per cpu, 2 threads per core) family 6 model 10 stepping 4, cmov, cx8, fxsr, mmx, sse, sse2, sse3, ssse3, ht

Memory: 4k page, physical 4194303k(4194303k free), swap 4194303k(4194303k free)

vm_info: Java HotSpot(TM) Client VM (11.3-b02) for windows-x86 JRE (1.6.0_13-b03), built on Mar  9 2009 01:15:24 by "java_re" with MS VC++ 7.1

time: Mon Jun 15 22:12:59 2009
elapsed time: 529 seconds

